Running ON_Model to generate spin configurations...

Parameter File: params_t0.0-t5.02023_05_04_15_42_56.txt

Simulation Parameters:
---------------------
           Temperature List = [ 0, 0.05, 0.1, 0.15, 0.2, 0.25, 0.3, 0.35, 0.4, 0.45, 0.5, 0.55, 0.6, 0.65, 0.7, 0.75, 0.8, 0.85, 0.9, 0.95, 1, 1.05, 1.1, 1.15, 1.2, 1.25, 1.3, 1.35, 1.4, 1.45, 1.5, 1.55, 1.6, 1.65, 1.7, 1.75, 1.8, 1.85, 1.9, 1.95, 2, 2.05, 2.1, 2.15, 2.2, 2.25, 2.3, 2.35, 2.4, 2.45, 2.5, 2.55, 2.6, 2.65, 2.7, 2.75, 2.8, 2.85, 2.9, 2.95, 3, 3.05, 3.1, 3.15, 3.2, 3.25, 3.3, 3.35, 3.4, 3.45, 3.5, 3.55, 3.6, 3.65, 3.7, 3.75, 3.8, 3.85, 3.9, 3.95, 4, 4.05, 4.1, 4.15, 4.2, 4.25, 4.3, 4.35, 4.4, 4.45, 4.5, 4.55, 4.6, 4.65, 4.7, 4.75, 4.8, 4.85, 4.9, 4.95, 5 ]
                       Seed = 0
   Number of Warm-up Sweeps = 1000
     Sweeps per Measurement = 1000
       Measurements per Bin = 10
             Number of Bins = 500
         Dimension of Spins = 1
       Print Spins Configs? = 1

Hyperrectangle Parameters:
-------------------------
                Dimension D = 2
        Lattice Length L[0] = 25
                       L[1] = 25
  Number of Lattice Sites N = 625

O(1) Model Parameters:
---------------------
  J = 1
  h = 0

*** STARTING SIMULATION ***

******** T = 0 (Temperature #1) ********
Traceback (most recent call last):
  File "/home/rdatar/Senior_Project/get_magnetization.py", line 124, in <module>
    main()
  File "/home/rdatar/Senior_Project/get_magnetization.py", line 93, in main
    subprocess.run(model_args, cwd='./ON_Model/', check=True)
  File "/phys/linux/64/anaconda/python3/current/lib/python3.9/subprocess.py", line 507, in run
    stdout, stderr = process.communicate(input, timeout=timeout)
  File "/phys/linux/64/anaconda/python3/current/lib/python3.9/subprocess.py", line 1126, in communicate
    self.wait()
  File "/phys/linux/64/anaconda/python3/current/lib/python3.9/subprocess.py", line 1189, in wait
    return self._wait(timeout=timeout)
  File "/phys/linux/64/anaconda/python3/current/lib/python3.9/subprocess.py", line 1917, in _wait
    (pid, sts) = self._try_wait(0)
  File "/phys/linux/64/anaconda/python3/current/lib/python3.9/subprocess.py", line 1875, in _try_wait
    (pid, sts) = os.waitpid(self.pid, wait_flags)
KeyboardInterrupt
Running ON_Model to generate spin configurations...

Parameter File: params_t0.0-t5.02023_05_04_15_43_32.txt

Simulation Parameters:
---------------------
           Temperature List = [ 0, 0.05, 0.1, 0.15, 0.2, 0.25, 0.3, 0.35, 0.4, 0.45, 0.5, 0.55, 0.6, 0.65, 0.7, 0.75, 0.8, 0.85, 0.9, 0.95, 1, 1.05, 1.1, 1.15, 1.2, 1.25, 1.3, 1.35, 1.4, 1.45, 1.5, 1.55, 1.6, 1.65, 1.7, 1.75, 1.8, 1.85, 1.9, 1.95, 2, 2.05, 2.1, 2.15, 2.2, 2.25, 2.3, 2.35, 2.4, 2.45, 2.5, 2.55, 2.6, 2.65, 2.7, 2.75, 2.8, 2.85, 2.9, 2.95, 3, 3.05, 3.1, 3.15, 3.2, 3.25, 3.3, 3.35, 3.4, 3.45, 3.5, 3.55, 3.6, 3.65, 3.7, 3.75, 3.8, 3.85, 3.9, 3.95, 4, 4.05, 4.1, 4.15, 4.2, 4.25, 4.3, 4.35, 4.4, 4.45, 4.5, 4.55, 4.6, 4.65, 4.7, 4.75, 4.8, 4.85, 4.9, 4.95, 5 ]
                       Seed = 0
   Number of Warm-up Sweeps = 1000
     Sweeps per Measurement = 1000
       Measurements per Bin = 10
             Number of Bins = 500
         Dimension of Spins = 1
       Print Spins Configs? = 1

Hyperrectangle Parameters:
-------------------------
                Dimension D = 2
        Lattice Length L[0] = 25
                       L[1] = 25
  Number of Lattice Sites N = 625

O(1) Model Parameters:
---------------------
  J = 1
  h = 0

*** STARTING SIMULATION ***

******** T = 0 (Temperature #1) ********
100 Bins Complete
200 Bins Complete
300 Bins Complete
400 Bins Complete
500 Bins Complete

******** T = 0.05 (Temperature #2) ********
100 Bins Complete
200 Bins Complete
300 Bins Complete
400 Bins Complete
500 Bins Complete

******** T = 0.1 (Temperature #3) ********
100 Bins Complete
200 Bins Complete
300 Bins Complete
400 Bins Complete
500 Bins Complete

******** T = 0.15 (Temperature #4) ********
100 Bins Complete
200 Bins Complete
300 Bins Complete
400 Bins Complete
500 Bins Complete

******** T = 0.2 (Temperature #5) ********
100 Bins Complete
200 Bins Complete
300 Bins Complete
400 Bins Complete
500 Bins Complete

******** T = 0.25 (Temperature #6) ********
100 Bins Complete
200 Bins Complete
300 Bins Complete
400 Bins Complete
500 Bins Complete

******** T = 0.3 (Temperature #7) ********
100 Bins Complete
200 Bins Complete
300 Bins Complete
400 Bins Complete
500 Bins Complete

******** T = 0.35 (Temperature #8) ********
100 Bins Complete
200 Bins Complete
300 Bins Complete
400 Bins Complete
500 Bins Complete

******** T = 0.4 (Temperature #9) ********
100 Bins Complete
200 Bins Complete
300 Bins Complete
400 Bins Complete
500 Bins Complete

******** T = 0.45 (Temperature #10) ********
100 Bins Complete
200 Bins Complete
300 Bins Complete
400 Bins Complete
500 Bins Complete

******** T = 0.5 (Temperature #11) ********
100 Bins Complete
200 Bins Complete
300 Bins Complete
400 Bins Complete
500 Bins Complete

******** T = 0.55 (Temperature #12) ********
100 Bins Complete
200 Bins Complete
300 Bins Complete
400 Bins Complete
500 Bins Complete

******** T = 0.6 (Temperature #13) ********
100 Bins Complete
200 Bins Complete
300 Bins Complete
400 Bins Complete
500 Bins Complete

******** T = 0.65 (Temperature #14) ********
100 Bins Complete
200 Bins Complete
300 Bins Complete
400 Bins Complete
500 Bins Complete

******** T = 0.7 (Temperature #15) ********
100 Bins Complete
200 Bins Complete
300 Bins Complete
400 Bins Complete
500 Bins Complete

******** T = 0.75 (Temperature #16) ********
100 Bins Complete
200 Bins Complete
300 Bins Complete
400 Bins Complete
500 Bins Complete

******** T = 0.8 (Temperature #17) ********
100 Bins Complete
200 Bins Complete
300 Bins Complete
400 Bins Complete
500 Bins Complete

******** T = 0.85 (Temperature #18) ********
100 Bins Complete
200 Bins Complete
300 Bins Complete
400 Bins Complete
500 Bins Complete

******** T = 0.9 (Temperature #19) ********
100 Bins Complete
200 Bins Complete
300 Bins Complete
400 Bins Complete
500 Bins Complete

******** T = 0.95 (Temperature #20) ********
100 Bins Complete
200 Bins Complete
300 Bins Complete
400 Bins Complete
500 Bins Complete

******** T = 1 (Temperature #21) ********
100 Bins Complete
200 Bins Complete
300 Bins Complete
400 Bins Complete
500 Bins Complete

******** T = 1.05 (Temperature #22) ********
100 Bins Complete
200 Bins Complete
300 Bins Complete
400 Bins Complete
500 Bins Complete

******** T = 1.1 (Temperature #23) ********
100 Bins Complete
200 Bins Complete
300 Bins Complete
400 Bins Complete
500 Bins Complete

******** T = 1.15 (Temperature #24) ********
100 Bins Complete
200 Bins Complete
300 Bins Complete
400 Bins Complete
500 Bins Complete

******** T = 1.2 (Temperature #25) ********
100 Bins Complete
200 Bins Complete
300 Bins Complete
400 Bins Complete
500 Bins Complete

******** T = 1.25 (Temperature #26) ********
100 Bins Complete
200 Bins Complete
300 Bins Complete
400 Bins Complete
500 Bins Complete

******** T = 1.3 (Temperature #27) ********
100 Bins Complete
200 Bins Complete
300 Bins Complete
400 Bins Complete
500 Bins Complete

******** T = 1.35 (Temperature #28) ********
100 Bins Complete
200 Bins Complete
300 Bins Complete
400 Bins Complete
500 Bins Complete

******** T = 1.4 (Temperature #29) ********
100 Bins Complete
200 Bins Complete
300 Bins Complete
400 Bins Complete
500 Bins Complete

******** T = 1.45 (Temperature #30) ********
100 Bins Complete
200 Bins Complete
300 Bins Complete
400 Bins Complete
500 Bins Complete

******** T = 1.5 (Temperature #31) ********
100 Bins Complete
200 Bins Complete
300 Bins Complete
400 Bins Complete
500 Bins Complete

******** T = 1.55 (Temperature #32) ********
100 Bins Complete
200 Bins Complete
300 Bins Complete
400 Bins Complete
500 Bins Complete

******** T = 1.6 (Temperature #33) ********
100 Bins Complete
200 Bins Complete
300 Bins Complete
400 Bins Complete
500 Bins Complete

******** T = 1.65 (Temperature #34) ********
100 Bins Complete
200 Bins Complete
300 Bins Complete
400 Bins Complete
500 Bins Complete

******** T = 1.7 (Temperature #35) ********
100 Bins Complete
200 Bins Complete
300 Bins Complete
400 Bins Complete
500 Bins Complete

******** T = 1.75 (Temperature #36) ********
100 Bins Complete
200 Bins Complete
300 Bins Complete
400 Bins Complete
500 Bins Complete

******** T = 1.8 (Temperature #37) ********
100 Bins Complete
200 Bins Complete
300 Bins Complete
400 Bins Complete
500 Bins Complete

******** T = 1.85 (Temperature #38) ********
100 Bins Complete
200 Bins Complete
300 Bins Complete
400 Bins Complete
500 Bins Complete

******** T = 1.9 (Temperature #39) ********
100 Bins Complete
200 Bins Complete
300 Bins Complete
400 Bins Complete
500 Bins Complete

******** T = 1.95 (Temperature #40) ********
100 Bins Complete
200 Bins Complete
300 Bins Complete
400 Bins Complete
500 Bins Complete

******** T = 2 (Temperature #41) ********
100 Bins Complete
200 Bins Complete
300 Bins Complete
400 Bins Complete
500 Bins Complete

******** T = 2.05 (Temperature #42) ********
100 Bins Complete
200 Bins Complete
300 Bins Complete
400 Bins Complete
500 Bins Complete

******** T = 2.1 (Temperature #43) ********
100 Bins Complete
200 Bins Complete
300 Bins Complete
400 Bins Complete
500 Bins Complete

******** T = 2.15 (Temperature #44) ********
100 Bins Complete
200 Bins Complete
300 Bins Complete
400 Bins Complete
500 Bins Complete

******** T = 2.2 (Temperature #45) ********
100 Bins Complete
200 Bins Complete
300 Bins Complete
400 Bins Complete
500 Bins Complete

******** T = 2.25 (Temperature #46) ********
100 Bins Complete
200 Bins Complete
300 Bins Complete
400 Bins Complete
500 Bins Complete

******** T = 2.3 (Temperature #47) ********
100 Bins Complete
200 Bins Complete
300 Bins Complete
400 Bins Complete
500 Bins Complete

******** T = 2.35 (Temperature #48) ********
100 Bins Complete
200 Bins Complete
300 Bins Complete
400 Bins Complete
500 Bins Complete

******** T = 2.4 (Temperature #49) ********
100 Bins Complete
200 Bins Complete
300 Bins Complete
400 Bins Complete
500 Bins Complete

******** T = 2.45 (Temperature #50) ********
100 Bins Complete
200 Bins Complete
300 Bins Complete
400 Bins Complete
500 Bins Complete

******** T = 2.5 (Temperature #51) ********
100 Bins Complete
200 Bins Complete
300 Bins Complete
400 Bins Complete
500 Bins Complete

******** T = 2.55 (Temperature #52) ********
100 Bins Complete
200 Bins Complete
300 Bins Complete
400 Bins Complete
500 Bins Complete

******** T = 2.6 (Temperature #53) ********
100 Bins Complete
200 Bins Complete
300 Bins Complete
400 Bins Complete
500 Bins Complete

******** T = 2.65 (Temperature #54) ********
100 Bins Complete
200 Bins Complete
300 Bins Complete
400 Bins Complete
500 Bins Complete

******** T = 2.7 (Temperature #55) ********
100 Bins Complete
200 Bins Complete
300 Bins Complete
400 Bins Complete
500 Bins Complete

******** T = 2.75 (Temperature #56) ********
100 Bins Complete
200 Bins Complete
300 Bins Complete
400 Bins Complete
500 Bins Complete

******** T = 2.8 (Temperature #57) ********
100 Bins Complete
200 Bins Complete
300 Bins Complete
400 Bins Complete
500 Bins Complete

******** T = 2.85 (Temperature #58) ********
100 Bins Complete
200 Bins Complete
300 Bins Complete
400 Bins Complete
500 Bins Complete

******** T = 2.9 (Temperature #59) ********
100 Bins Complete
200 Bins Complete
300 Bins Complete
400 Bins Complete
500 Bins Complete

******** T = 2.95 (Temperature #60) ********
100 Bins Complete
200 Bins Complete
300 Bins Complete
400 Bins Complete
500 Bins Complete

******** T = 3 (Temperature #61) ********
100 Bins Complete
200 Bins Complete
300 Bins Complete
400 Bins Complete
500 Bins Complete

******** T = 3.05 (Temperature #62) ********
100 Bins Complete
200 Bins Complete
300 Bins Complete
400 Bins Complete
500 Bins Complete

******** T = 3.1 (Temperature #63) ********
100 Bins Complete
200 Bins Complete
300 Bins Complete
400 Bins Complete
500 Bins Complete

******** T = 3.15 (Temperature #64) ********
100 Bins Complete
200 Bins Complete
300 Bins Complete
400 Bins Complete
500 Bins Complete

******** T = 3.2 (Temperature #65) ********
100 Bins Complete
200 Bins Complete
300 Bins Complete
400 Bins Complete
500 Bins Complete

******** T = 3.25 (Temperature #66) ********
100 Bins Complete
200 Bins Complete
300 Bins Complete
400 Bins Complete
500 Bins Complete

******** T = 3.3 (Temperature #67) ********
100 Bins Complete
200 Bins Complete
300 Bins Complete
400 Bins Complete
500 Bins Complete

******** T = 3.35 (Temperature #68) ********
100 Bins Complete
200 Bins Complete
300 Bins Complete
400 Bins Complete
500 Bins Complete

******** T = 3.4 (Temperature #69) ********
100 Bins Complete
200 Bins Complete
300 Bins Complete
400 Bins Complete
500 Bins Complete

******** T = 3.45 (Temperature #70) ********
100 Bins Complete
200 Bins Complete
300 Bins Complete
400 Bins Complete
500 Bins Complete

******** T = 3.5 (Temperature #71) ********
100 Bins Complete
200 Bins Complete
300 Bins Complete
400 Bins Complete
500 Bins Complete

******** T = 3.55 (Temperature #72) ********
100 Bins Complete
200 Bins Complete
300 Bins Complete
400 Bins Complete
500 Bins Complete

******** T = 3.6 (Temperature #73) ********
100 Bins Complete
200 Bins Complete
300 Bins Complete
400 Bins Complete
500 Bins Complete

******** T = 3.65 (Temperature #74) ********
100 Bins Complete
200 Bins Complete
300 Bins Complete
400 Bins Complete
500 Bins Complete

******** T = 3.7 (Temperature #75) ********
100 Bins Complete
200 Bins Complete
300 Bins Complete
400 Bins Complete
500 Bins Complete

******** T = 3.75 (Temperature #76) ********
100 Bins Complete
200 Bins Complete
300 Bins Complete
400 Bins Complete
500 Bins Complete

******** T = 3.8 (Temperature #77) ********
100 Bins Complete
200 Bins Complete
300 Bins Complete
400 Bins Complete
500 Bins Complete

******** T = 3.85 (Temperature #78) ********
100 Bins Complete
200 Bins Complete
300 Bins Complete
400 Bins Complete
500 Bins Complete

******** T = 3.9 (Temperature #79) ********
100 Bins Complete
200 Bins Complete
300 Bins Complete
400 Bins Complete
500 Bins Complete

******** T = 3.95 (Temperature #80) ********
100 Bins Complete
200 Bins Complete
300 Bins Complete
400 Bins Complete
500 Bins Complete

******** T = 4 (Temperature #81) ********
100 Bins Complete
200 Bins Complete
300 Bins Complete
400 Bins Complete
500 Bins Complete

******** T = 4.05 (Temperature #82) ********
100 Bins Complete
200 Bins Complete
300 Bins Complete
400 Bins Complete
500 Bins Complete

******** T = 4.1 (Temperature #83) ********
100 Bins Complete
200 Bins Complete
300 Bins Complete
400 Bins Complete
500 Bins Complete

******** T = 4.15 (Temperature #84) ********
100 Bins Complete
200 Bins Complete
300 Bins Complete
400 Bins Complete
500 Bins Complete

******** T = 4.2 (Temperature #85) ********
100 Bins Complete
200 Bins Complete
300 Bins Complete
400 Bins Complete
500 Bins Complete

******** T = 4.25 (Temperature #86) ********
100 Bins Complete
200 Bins Complete
300 Bins Complete
400 Bins Complete
500 Bins Complete

******** T = 4.3 (Temperature #87) ********
100 Bins Complete
200 Bins Complete
300 Bins Complete
400 Bins Complete
500 Bins Complete

******** T = 4.35 (Temperature #88) ********
100 Bins Complete
200 Bins Complete
300 Bins Complete
400 Bins Complete
500 Bins Complete

******** T = 4.4 (Temperature #89) ********
100 Bins Complete
200 Bins Complete
300 Bins Complete
400 Bins Complete
500 Bins Complete

******** T = 4.45 (Temperature #90) ********
100 Bins Complete
200 Bins Complete
300 Bins Complete
400 Bins Complete
500 Bins Complete

******** T = 4.5 (Temperature #91) ********
100 Bins Complete
200 Bins Complete
300 Bins Complete
400 Bins Complete
500 Bins Complete

******** T = 4.55 (Temperature #92) ********
100 Bins Complete
200 Bins Complete
300 Bins Complete
400 Bins Complete
500 Bins Complete

******** T = 4.6 (Temperature #93) ********
100 Bins Complete
200 Bins Complete
300 Bins Complete
400 Bins Complete
500 Bins Complete

******** T = 4.65 (Temperature #94) ********
100 Bins Complete
200 Bins Complete
300 Bins Complete
400 Bins Complete
500 Bins Complete

******** T = 4.7 (Temperature #95) ********
100 Bins Complete
200 Bins Complete
300 Bins Complete
400 Bins Complete
500 Bins Complete

******** T = 4.75 (Temperature #96) ********
100 Bins Complete
200 Bins Complete
300 Bins Complete
400 Bins Complete
500 Bins Complete

******** T = 4.8 (Temperature #97) ********
100 Bins Complete
200 Bins Complete
300 Bins Complete
400 Bins Complete
500 Bins Complete

******** T = 4.85 (Temperature #98) ********
100 Bins Complete
200 Bins Complete
300 Bins Complete
400 Bins Complete
500 Bins Complete

******** T = 4.9 (Temperature #99) ********
100 Bins Complete
200 Bins Complete
300 Bins Complete
400 Bins Complete
500 Bins Complete

******** T = 4.95 (Temperature #100) ********
100 Bins Complete
200 Bins Complete
300 Bins Complete
400 Bins Complete
500 Bins Complete

******** T = 5 (Temperature #101) ********
100 Bins Complete
200 Bins Complete
300 Bins Complete
400 Bins Complete
500 Bins Complete

Time: 16978 seconds

*** END OF SIMULATION ***

Spin configurations generated.
Running ON_Model to generate spin configurations...

Parameter File: params_t0.0-t5.02023_05_06_16_33_24.txt

Simulation Parameters:
---------------------
           Temperature List = [ 0, 0.1, 0.2, 0.3, 0.4, 0.5, 0.6, 0.7, 0.8, 0.9, 1, 1.1, 1.2, 1.3, 1.4, 1.5, 1.6, 1.7, 1.8, 1.9, 2, 2.1, 2.2, 2.3, 2.4, 2.5, 2.6, 2.7, 2.8, 2.9, 3, 3.1, 3.2, 3.3, 3.4, 3.5, 3.6, 3.7, 3.8, 3.9, 4, 4.1, 4.2, 4.3, 4.4, 4.5, 4.6, 4.7, 4.8, 4.9, 5 ]
                       Seed = 0
   Number of Warm-up Sweeps = 1000
     Sweeps per Measurement = 1000
       Measurements per Bin = 10
             Number of Bins = 100
         Dimension of Spins = 1
       Print Spins Configs? = 1

Hyperrectangle Parameters:
-------------------------
                Dimension D = 2
        Lattice Length L[0] = 25
                       L[1] = 25
  Number of Lattice Sites N = 625

O(1) Model Parameters:
---------------------
  J = 1
  h = 0

*** STARTING SIMULATION ***

******** T = 0 (Temperature #1) ********
100 Bins Complete

******** T = 0.1 (Temperature #2) ********
100 Bins Complete

******** T = 0.2 (Temperature #3) ********
100 Bins Complete

******** T = 0.3 (Temperature #4) ********
100 Bins Complete

******** T = 0.4 (Temperature #5) ********
100 Bins Complete

******** T = 0.5 (Temperature #6) ********
100 Bins Complete

******** T = 0.6 (Temperature #7) ********
100 Bins Complete

******** T = 0.7 (Temperature #8) ********
100 Bins Complete

******** T = 0.8 (Temperature #9) ********
100 Bins Complete

******** T = 0.9 (Temperature #10) ********
100 Bins Complete

******** T = 1 (Temperature #11) ********
100 Bins Complete

******** T = 1.1 (Temperature #12) ********
100 Bins Complete

******** T = 1.2 (Temperature #13) ********
100 Bins Complete

******** T = 1.3 (Temperature #14) ********
100 Bins Complete

******** T = 1.4 (Temperature #15) ********
100 Bins Complete

******** T = 1.5 (Temperature #16) ********
100 Bins Complete

******** T = 1.6 (Temperature #17) ********
100 Bins Complete

******** T = 1.7 (Temperature #18) ********
100 Bins Complete

******** T = 1.8 (Temperature #19) ********
100 Bins Complete

******** T = 1.9 (Temperature #20) ********
100 Bins Complete

******** T = 2 (Temperature #21) ********
100 Bins Complete

******** T = 2.1 (Temperature #22) ********
100 Bins Complete

******** T = 2.2 (Temperature #23) ********
100 Bins Complete

******** T = 2.3 (Temperature #24) ********
100 Bins Complete

******** T = 2.4 (Temperature #25) ********
100 Bins Complete

******** T = 2.5 (Temperature #26) ********
100 Bins Complete

******** T = 2.6 (Temperature #27) ********
100 Bins Complete

******** T = 2.7 (Temperature #28) ********
100 Bins Complete

******** T = 2.8 (Temperature #29) ********
100 Bins Complete

******** T = 2.9 (Temperature #30) ********
100 Bins Complete

******** T = 3 (Temperature #31) ********
100 Bins Complete

******** T = 3.1 (Temperature #32) ********
100 Bins Complete

******** T = 3.2 (Temperature #33) ********
100 Bins Complete

******** T = 3.3 (Temperature #34) ********
Running ON_Model to generate spin configurations...

Parameter File: params_t0.0-t5.02023_05_06_16_54_53.txt

Simulation Parameters:
---------------------
           Temperature List = [ 0, 0.1, 0.2, 0.3, 0.4, 0.5, 0.6, 0.7, 0.8, 0.9, 1, 1.1, 1.2, 1.3, 1.4, 1.5, 1.6, 1.7, 1.8, 1.9, 2, 2.1, 2.2, 2.3, 2.4, 2.5, 2.6, 2.7, 2.8, 2.9, 3, 3.1, 3.2, 3.3, 3.4, 3.5, 3.6, 3.7, 3.8, 3.9, 4, 4.1, 4.2, 4.3, 4.4, 4.5, 4.6, 4.7, 4.8, 4.9, 5 ]
                       Seed = 0
   Number of Warm-up Sweeps = 1000
     Sweeps per Measurement = 1000
       Measurements per Bin = 10
             Number of Bins = 300
         Dimension of Spins = 1
       Print Spins Configs? = 1

Hyperrectangle Parameters:
-------------------------
                Dimension D = 2
        Lattice Length L[0] = 25
                       L[1] = 25
  Number of Lattice Sites N = 625

O(1) Model Parameters:
---------------------
  J = 1
  h = 0

*** STARTING SIMULATION ***

******** T = 0 (Temperature #1) ********
100 Bins Complete
200 Bins Complete
300 Bins Complete

******** T = 0.1 (Temperature #2) ********
100 Bins Complete
200 Bins Complete
300 Bins Complete

******** T = 0.2 (Temperature #3) ********
100 Bins Complete
200 Bins Complete
300 Bins Complete

******** T = 0.3 (Temperature #4) ********
100 Bins Complete
200 Bins Complete
300 Bins Complete

******** T = 0.4 (Temperature #5) ********
100 Bins Complete
200 Bins Complete
300 Bins Complete

******** T = 0.5 (Temperature #6) ********
100 Bins Complete
200 Bins Complete
300 Bins Complete

******** T = 0.6 (Temperature #7) ********
100 Bins Complete
200 Bins Complete
300 Bins Complete

******** T = 0.7 (Temperature #8) ********
100 Bins Complete
200 Bins Complete
300 Bins Complete

******** T = 0.8 (Temperature #9) ********
100 Bins Complete
200 Bins Complete
300 Bins Complete

******** T = 0.9 (Temperature #10) ********
100 Bins Complete
200 Bins Complete
300 Bins Complete

******** T = 1 (Temperature #11) ********
100 Bins Complete
200 Bins Complete
300 Bins Complete

******** T = 1.1 (Temperature #12) ********
100 Bins Complete
200 Bins Complete
300 Bins Complete

******** T = 1.2 (Temperature #13) ********
100 Bins Complete
200 Bins Complete
300 Bins Complete

******** T = 1.3 (Temperature #14) ********
100 Bins Complete
200 Bins Complete
300 Bins Complete

******** T = 1.4 (Temperature #15) ********
100 Bins Complete
200 Bins Complete
300 Bins Complete

******** T = 1.5 (Temperature #16) ********
100 Bins Complete
200 Bins Complete
300 Bins Complete

******** T = 1.6 (Temperature #17) ********
100 Bins Complete
200 Bins Complete
300 Bins Complete

******** T = 1.7 (Temperature #18) ********
100 Bins Complete
200 Bins Complete
300 Bins Complete

******** T = 1.8 (Temperature #19) ********
100 Bins Complete
200 Bins Complete
300 Bins Complete

******** T = 1.9 (Temperature #20) ********
100 Bins Complete
200 Bins Complete
300 Bins Complete

******** T = 2 (Temperature #21) ********
100 Bins Complete
200 Bins Complete
300 Bins Complete

******** T = 2.1 (Temperature #22) ********
100 Bins Complete
200 Bins Complete
300 Bins Complete

******** T = 2.2 (Temperature #23) ********
100 Bins Complete
200 Bins Complete
300 Bins Complete

******** T = 2.3 (Temperature #24) ********
100 Bins Complete
200 Bins Complete
300 Bins Complete

******** T = 2.4 (Temperature #25) ********
100 Bins Complete
200 Bins Complete
300 Bins Complete

******** T = 2.5 (Temperature #26) ********
100 Bins Complete
200 Bins Complete
300 Bins Complete

******** T = 2.6 (Temperature #27) ********
100 Bins Complete
200 Bins Complete
300 Bins Complete

******** T = 2.7 (Temperature #28) ********
100 Bins Complete
200 Bins Complete
300 Bins Complete

******** T = 2.8 (Temperature #29) ********
100 Bins Complete
200 Bins Complete
300 Bins Complete

******** T = 2.9 (Temperature #30) ********
100 Bins Complete
200 Bins Complete
300 Bins Complete

******** T = 3 (Temperature #31) ********
100 Bins Complete
200 Bins Complete
300 Bins Complete

******** T = 3.1 (Temperature #32) ********
100 Bins Complete
200 Bins Complete
300 Bins Complete

******** T = 3.2 (Temperature #33) ********
100 Bins Complete
200 Bins Complete
300 Bins Complete

******** T = 3.3 (Temperature #34) ********
100 Bins Complete
200 Bins Complete
300 Bins Complete

******** T = 3.4 (Temperature #35) ********
100 Bins Complete
200 Bins Complete
300 Bins Complete

******** T = 3.5 (Temperature #36) ********
100 Bins Complete
200 Bins Complete
300 Bins Complete

******** T = 3.6 (Temperature #37) ********
100 Bins Complete
200 Bins Complete
300 Bins Complete

******** T = 3.7 (Temperature #38) ********
100 Bins Complete
200 Bins Complete
300 Bins Complete

******** T = 3.8 (Temperature #39) ********
100 Bins Complete
200 Bins Complete
300 Bins Complete

******** T = 3.9 (Temperature #40) ********
100 Bins Complete
200 Bins Complete
300 Bins Complete

******** T = 4 (Temperature #41) ********
100 Bins Complete
200 Bins Complete
300 Bins Complete

******** T = 4.1 (Temperature #42) ********
100 Bins Complete
200 Bins Complete
300 Bins Complete

******** T = 4.2 (Temperature #43) ********
100 Bins Complete
200 Bins Complete
300 Bins Complete

******** T = 4.3 (Temperature #44) ********
100 Bins Complete
200 Bins Complete
300 Bins Complete

******** T = 4.4 (Temperature #45) ********
100 Bins Complete
200 Bins Complete
300 Bins Complete

******** T = 4.5 (Temperature #46) ********
100 Bins Complete
200 Bins Complete
300 Bins Complete

******** T = 4.6 (Temperature #47) ********
100 Bins Complete
200 Bins Complete
300 Bins Complete

******** T = 4.7 (Temperature #48) ********
100 Bins Complete
200 Bins Complete
300 Bins Complete

******** T = 4.8 (Temperature #49) ********
100 Bins Complete
200 Bins Complete
300 Bins Complete

******** T = 4.9 (Temperature #50) ********
100 Bins Complete
200 Bins Complete
300 Bins Complete

******** T = 5 (Temperature #51) ********
100 Bins Complete
200 Bins Complete
300 Bins Complete

Time: 5139 seconds

*** END OF SIMULATION ***

Spin configurations generated.
Running ON_Model to generate spin configurations...

Parameter File: params_t0.0-t5.02023_05_06_18_26_45.txt

Simulation Parameters:
---------------------
           Temperature List = [ 0, 0.1, 0.2, 0.3, 0.4, 0.5, 0.6, 0.7, 0.8, 0.9, 1, 1.1, 1.2, 1.3, 1.4, 1.5, 1.6, 1.7, 1.8, 1.9, 2, 2.1, 2.2, 2.3, 2.4, 2.5, 2.6, 2.7, 2.8, 2.9, 3, 3.1, 3.2, 3.3, 3.4, 3.5, 3.6, 3.7, 3.8, 3.9, 4, 4.1, 4.2, 4.3, 4.4, 4.5, 4.6, 4.7, 4.8, 4.9, 5 ]
                       Seed = 0
   Number of Warm-up Sweeps = 1000
     Sweeps per Measurement = 1000
       Measurements per Bin = 10
             Number of Bins = 10
         Dimension of Spins = 1
       Print Spins Configs? = 1

Hyperrectangle Parameters:
-------------------------
                Dimension D = 2
        Lattice Length L[0] = 25
                       L[1] = 25
  Number of Lattice Sites N = 625

O(1) Model Parameters:
---------------------
  J = 1
  h = 0

*** STARTING SIMULATION ***

******** T = 0 (Temperature #1) ********

******** T = 0.1 (Temperature #2) ********

******** T = 0.2 (Temperature #3) ********

******** T = 0.3 (Temperature #4) ********

******** T = 0.4 (Temperature #5) ********

******** T = 0.5 (Temperature #6) ********

******** T = 0.6 (Temperature #7) ********

******** T = 0.7 (Temperature #8) ********

******** T = 0.8 (Temperature #9) ********

******** T = 0.9 (Temperature #10) ********

******** T = 1 (Temperature #11) ********

******** T = 1.1 (Temperature #12) ********

******** T = 1.2 (Temperature #13) ********

******** T = 1.3 (Temperature #14) ********

******** T = 1.4 (Temperature #15) ********

******** T = 1.5 (Temperature #16) ********

******** T = 1.6 (Temperature #17) ********

******** T = 1.7 (Temperature #18) ********

******** T = 1.8 (Temperature #19) ********

******** T = 1.9 (Temperature #20) ********

******** T = 2 (Temperature #21) ********

******** T = 2.1 (Temperature #22) ********

******** T = 2.2 (Temperature #23) ********

******** T = 2.3 (Temperature #24) ********

******** T = 2.4 (Temperature #25) ********

******** T = 2.5 (Temperature #26) ********

******** T = 2.6 (Temperature #27) ********

******** T = 2.7 (Temperature #28) ********

******** T = 2.8 (Temperature #29) ********

******** T = 2.9 (Temperature #30) ********

******** T = 3 (Temperature #31) ********

******** T = 3.1 (Temperature #32) ********

******** T = 3.2 (Temperature #33) ********

******** T = 3.3 (Temperature #34) ********

******** T = 3.4 (Temperature #35) ********

******** T = 3.5 (Temperature #36) ********

******** T = 3.6 (Temperature #37) ********

******** T = 3.7 (Temperature #38) ********

******** T = 3.8 (Temperature #39) ********

******** T = 3.9 (Temperature #40) ********

******** T = 4 (Temperature #41) ********

******** T = 4.1 (Temperature #42) ********

******** T = 4.2 (Temperature #43) ********

******** T = 4.3 (Temperature #44) ********

******** T = 4.4 (Temperature #45) ********

******** T = 4.5 (Temperature #46) ********

******** T = 4.6 (Temperature #47) ********

******** T = 4.7 (Temperature #48) ********

******** T = 4.8 (Temperature #49) ********

******** T = 4.9 (Temperature #50) ********

******** T = 5 (Temperature #51) ********

Time: 173 seconds

*** END OF SIMULATION ***

Spin configurations generated.
Running ON_Model to generate spin configurations...

Parameter File: params_t0.0-t5.02023_05_06_18_46_03.txt

Simulation Parameters:
---------------------
           Temperature List = [ 0, 0.1, 0.2, 0.3, 0.4, 0.5, 0.6, 0.7, 0.8, 0.9, 1, 1.1, 1.2, 1.3, 1.4, 1.5, 1.6, 1.7, 1.8, 1.9, 2, 2.1, 2.2, 2.3, 2.4, 2.5, 2.6, 2.7, 2.8, 2.9, 3, 3.1, 3.2, 3.3, 3.4, 3.5, 3.6, 3.7, 3.8, 3.9, 4, 4.1, 4.2, 4.3, 4.4, 4.5, 4.6, 4.7, 4.8, 4.9, 5 ]
                       Seed = 0
   Number of Warm-up Sweeps = 1000
     Sweeps per Measurement = 1000
       Measurements per Bin = 10
             Number of Bins = 500
         Dimension of Spins = 1
       Print Spins Configs? = 1

Hyperrectangle Parameters:
-------------------------
                Dimension D = 2
        Lattice Length L[0] = 25
                       L[1] = 25
  Number of Lattice Sites N = 625

O(1) Model Parameters:
---------------------
  J = 1
  h = 0

*** STARTING SIMULATION ***

******** T = 0 (Temperature #1) ********
100 Bins Complete
200 Bins Complete
300 Bins Complete
400 Bins Complete
500 Bins Complete

******** T = 0.1 (Temperature #2) ********
100 Bins Complete
200 Bins Complete
300 Bins Complete
400 Bins Complete
500 Bins Complete

******** T = 0.2 (Temperature #3) ********
100 Bins Complete
200 Bins Complete
300 Bins Complete
400 Bins Complete
500 Bins Complete

******** T = 0.3 (Temperature #4) ********
100 Bins Complete
200 Bins Complete
300 Bins Complete
400 Bins Complete
500 Bins Complete

******** T = 0.4 (Temperature #5) ********
100 Bins Complete
200 Bins Complete
300 Bins Complete
400 Bins Complete
500 Bins Complete

******** T = 0.5 (Temperature #6) ********
100 Bins Complete
200 Bins Complete
300 Bins Complete
400 Bins Complete
500 Bins Complete

******** T = 0.6 (Temperature #7) ********
100 Bins Complete
200 Bins Complete
300 Bins Complete
400 Bins Complete
500 Bins Complete

******** T = 0.7 (Temperature #8) ********
100 Bins Complete
200 Bins Complete
300 Bins Complete
400 Bins Complete
500 Bins Complete

******** T = 0.8 (Temperature #9) ********
100 Bins Complete
200 Bins Complete
300 Bins Complete
400 Bins Complete
500 Bins Complete

******** T = 0.9 (Temperature #10) ********
100 Bins Complete
200 Bins Complete
300 Bins Complete
400 Bins Complete
500 Bins Complete

******** T = 1 (Temperature #11) ********
100 Bins Complete
200 Bins Complete
300 Bins Complete
400 Bins Complete
500 Bins Complete

******** T = 1.1 (Temperature #12) ********
100 Bins Complete
200 Bins Complete
300 Bins Complete
400 Bins Complete
500 Bins Complete

******** T = 1.2 (Temperature #13) ********
100 Bins Complete
200 Bins Complete
300 Bins Complete
400 Bins Complete
500 Bins Complete

******** T = 1.3 (Temperature #14) ********
100 Bins Complete
200 Bins Complete
300 Bins Complete
400 Bins Complete
500 Bins Complete

******** T = 1.4 (Temperature #15) ********
100 Bins Complete
200 Bins Complete
300 Bins Complete
400 Bins Complete
500 Bins Complete

******** T = 1.5 (Temperature #16) ********
100 Bins Complete
200 Bins Complete
300 Bins Complete
400 Bins Complete
500 Bins Complete

******** T = 1.6 (Temperature #17) ********
100 Bins Complete
200 Bins Complete
300 Bins Complete
400 Bins Complete
500 Bins Complete

******** T = 1.7 (Temperature #18) ********
100 Bins Complete
200 Bins Complete
300 Bins Complete
400 Bins Complete
500 Bins Complete

******** T = 1.8 (Temperature #19) ********
100 Bins Complete
200 Bins Complete
300 Bins Complete
400 Bins Complete
500 Bins Complete

******** T = 1.9 (Temperature #20) ********
100 Bins Complete
200 Bins Complete
300 Bins Complete
400 Bins Complete
500 Bins Complete

******** T = 2 (Temperature #21) ********
100 Bins Complete
200 Bins Complete
300 Bins Complete
400 Bins Complete
500 Bins Complete

******** T = 2.1 (Temperature #22) ********
100 Bins Complete
200 Bins Complete
300 Bins Complete
400 Bins Complete
500 Bins Complete

******** T = 2.2 (Temperature #23) ********
100 Bins Complete
200 Bins Complete
300 Bins Complete
400 Bins Complete
500 Bins Complete

******** T = 2.3 (Temperature #24) ********
100 Bins Complete
200 Bins Complete
300 Bins Complete
400 Bins Complete
500 Bins Complete

******** T = 2.4 (Temperature #25) ********
100 Bins Complete
200 Bins Complete
300 Bins Complete
400 Bins Complete
500 Bins Complete

******** T = 2.5 (Temperature #26) ********
100 Bins Complete
200 Bins Complete
300 Bins Complete
400 Bins Complete
500 Bins Complete

******** T = 2.6 (Temperature #27) ********
100 Bins Complete
200 Bins Complete
300 Bins Complete
400 Bins Complete
500 Bins Complete

******** T = 2.7 (Temperature #28) ********
100 Bins Complete
200 Bins Complete
300 Bins Complete
400 Bins Complete
500 Bins Complete

******** T = 2.8 (Temperature #29) ********
100 Bins Complete
200 Bins Complete
300 Bins Complete
400 Bins Complete
500 Bins Complete

******** T = 2.9 (Temperature #30) ********
100 Bins Complete
200 Bins Complete
300 Bins Complete
400 Bins Complete
500 Bins Complete

******** T = 3 (Temperature #31) ********
100 Bins Complete
200 Bins Complete
300 Bins Complete
400 Bins Complete
500 Bins Complete

******** T = 3.1 (Temperature #32) ********
100 Bins Complete
200 Bins Complete
300 Bins Complete
400 Bins Complete
500 Bins Complete

******** T = 3.2 (Temperature #33) ********
100 Bins Complete
200 Bins Complete
300 Bins Complete
400 Bins Complete
500 Bins Complete

******** T = 3.3 (Temperature #34) ********
100 Bins Complete
200 Bins Complete
300 Bins Complete
400 Bins Complete
500 Bins Complete

******** T = 3.4 (Temperature #35) ********
100 Bins Complete
200 Bins Complete
300 Bins Complete
400 Bins Complete
500 Bins Complete

******** T = 3.5 (Temperature #36) ********
100 Bins Complete
200 Bins Complete
300 Bins Complete
400 Bins Complete
500 Bins Complete

******** T = 3.6 (Temperature #37) ********
100 Bins Complete
200 Bins Complete
300 Bins Complete
400 Bins Complete
500 Bins Complete

******** T = 3.7 (Temperature #38) ********
100 Bins Complete
200 Bins Complete
300 Bins Complete
400 Bins Complete
500 Bins Complete

******** T = 3.8 (Temperature #39) ********
100 Bins Complete
200 Bins Complete
300 Bins Complete
400 Bins Complete
500 Bins Complete

******** T = 3.9 (Temperature #40) ********
100 Bins Complete
200 Bins Complete
300 Bins Complete
400 Bins Complete
500 Bins Complete

******** T = 4 (Temperature #41) ********
100 Bins Complete
200 Bins Complete
300 Bins Complete
400 Bins Complete
500 Bins Complete

******** T = 4.1 (Temperature #42) ********
100 Bins Complete
200 Bins Complete
300 Bins Complete
400 Bins Complete
500 Bins Complete

******** T = 4.2 (Temperature #43) ********
100 Bins Complete
200 Bins Complete
300 Bins Complete
400 Bins Complete
500 Bins Complete

******** T = 4.3 (Temperature #44) ********
100 Bins Complete
200 Bins Complete
300 Bins Complete
400 Bins Complete
500 Bins Complete

******** T = 4.4 (Temperature #45) ********
100 Bins Complete
200 Bins Complete
300 Bins Complete
400 Bins Complete
500 Bins Complete

******** T = 4.5 (Temperature #46) ********
100 Bins Complete
200 Bins Complete
300 Bins Complete
400 Bins Complete
500 Bins Complete

******** T = 4.6 (Temperature #47) ********
100 Bins Complete
200 Bins Complete
300 Bins Complete
400 Bins Complete
500 Bins Complete

******** T = 4.7 (Temperature #48) ********
100 Bins Complete
200 Bins Complete
300 Bins Complete
400 Bins Complete
500 Bins Complete

******** T = 4.8 (Temperature #49) ********
100 Bins Complete
200 Bins Complete
300 Bins Complete
400 Bins Complete
500 Bins Complete

******** T = 4.9 (Temperature #50) ********
100 Bins Complete
200 Bins Complete
300 Bins Complete
400 Bins Complete
500 Bins Complete

******** T = 5 (Temperature #51) ********
100 Bins Complete
200 Bins Complete
300 Bins Complete
400 Bins Complete
500 Bins Complete

Time: 8602 seconds

*** END OF SIMULATION ***

Spin configurations generated.
Running ON_Model to generate spin configurations...

Parameter File: params_t0.0-t5.02023_05_19_17_17_25.txt

Simulation Parameters:
---------------------
           Temperature List = [ 0, 0.1, 0.2, 0.3, 0.4, 0.5, 0.6, 0.7, 0.8, 0.9, 1, 1.1, 1.2, 1.3, 1.4, 1.5, 1.6, 1.7, 1.8, 1.9, 2, 2.1, 2.2, 2.3, 2.4, 2.5, 2.6, 2.7, 2.8, 2.9, 3, 3.1, 3.2, 3.3, 3.4, 3.5, 3.6, 3.7, 3.8, 3.9, 4, 4.1, 4.2, 4.3, 4.4, 4.5, 4.6, 4.7, 4.8, 4.9, 5 ]
                       Seed = 0
   Number of Warm-up Sweeps = 1000
     Sweeps per Measurement = 1000
       Measurements per Bin = 10
             Number of Bins = 500
         Dimension of Spins = 1
       Print Spins Configs? = 1

Hyperrectangle Parameters:
-------------------------
                Dimension D = 2
        Lattice Length L[0] = 25
                       L[1] = 25
  Number of Lattice Sites N = 625

O(1) Model Parameters:
---------------------
  J = 1
  h = 0

*** STARTING SIMULATION ***

******** T = 0 (Temperature #1) ********
